-------------------------------------------------------------------------------
Test set: createUserTest
-------------------------------------------------------------------------------
Tests run: 5, Failures: 0, Errors: 1, Skipped: 0, Time elapsed: 13.292 s <<< FAILURE! - in createUserTest
createDoubleUserTest(createUserTest)  Time elapsed: 2.143 s  <<< ERROR!
java.lang.ClassCastException: class io.restassured.path.xml.XmlPath cannot be cast to class java.lang.Boolean (io.restassured.path.xml.XmlPath is in unnamed module of loader 'app'; java.lang.Boolean is in module java.base of loader 'bootstrap')
	at createUserTest.createDoubleUserTest(createUserTest.java:50)

